<?xml version="1.0" encoding="UTF-8"?>
<testng-results ignored="0" total="8" passed="8" failed="0" skipped="0">
  <reporter-output>
  </reporter-output>
  <suite started-at="2025-10-27T15:24:09 IST" name="Default suite" finished-at="2025-10-27T15:25:37 IST" duration-ms="87562">
    <groups>
    </groups>
    <test started-at="2025-10-27T15:24:09 IST" name="Default test" finished-at="2025-10-27T15:25:37 IST" duration-ms="87562">
      <class name="com.snapdeal.tests.loginsnapdeal">
        <test-method is-config="true" signature="initReport()[pri:0, instance:com.snapdeal.tests.loginsnapdeal@757277dc]" started-at="2025-10-27T15:24:09 IST" name="initReport" finished-at="2025-10-27T15:24:09 IST" duration-ms="236" status="PASS">
          <reporter-output>
          </reporter-output>
        </test-method> <!-- initReport -->
        <test-method is-config="true" signature="setupDriver()[pri:0, instance:com.snapdeal.tests.loginsnapdeal@757277dc]" started-at="2025-10-27T15:24:09 IST" name="setupDriver" finished-at="2025-10-27T15:24:12 IST" duration-ms="3054" status="PASS">
          <reporter-output>
          </reporter-output>
        </test-method> <!-- setupDriver -->
        <test-method is-config="true" signature="setupPages()[pri:0, instance:com.snapdeal.tests.loginsnapdeal@757277dc]" started-at="2025-10-27T15:24:12 IST" name="setupPages" finished-at="2025-10-27T15:24:12 IST" duration-ms="11" status="PASS">
          <reporter-output>
          </reporter-output>
        </test-method> <!-- setupPages -->
        <test-method signature="loginSnapdeal()[pri:0, instance:com.snapdeal.tests.loginsnapdeal@757277dc]" started-at="2025-10-27T15:24:12 IST" name="loginSnapdeal" finished-at="2025-10-27T15:24:45 IST" duration-ms="32522" status="PASS">
          <reporter-output>
          </reporter-output>
        </test-method> <!-- loginSnapdeal -->
        <test-method signature="openHomePage()[pri:1, instance:com.snapdeal.tests.loginsnapdeal@757277dc]" started-at="2025-10-27T15:24:45 IST" name="openHomePage" finished-at="2025-10-27T15:24:57 IST" duration-ms="12609" status="PASS">
          <reporter-output>
          </reporter-output>
        </test-method> <!-- openHomePage -->
        <test-method signature="searchProduct()[pri:2, instance:com.snapdeal.tests.loginsnapdeal@757277dc]" started-at="2025-10-27T15:24:57 IST" name="searchProduct" finished-at="2025-10-27T15:25:04 IST" duration-ms="7169" status="PASS">
          <reporter-output>
          </reporter-output>
        </test-method> <!-- searchProduct -->
        <test-method signature="sortProducts()[pri:3, instance:com.snapdeal.tests.loginsnapdeal@757277dc]" started-at="2025-10-27T15:25:04 IST" name="sortProducts" finished-at="2025-10-27T15:25:05 IST" duration-ms="705" status="PASS">
          <reporter-output>
          </reporter-output>
        </test-method> <!-- sortProducts -->
        <test-method signature="selectFirstProduct()[pri:4, instance:com.snapdeal.tests.loginsnapdeal@757277dc]" started-at="2025-10-27T15:25:05 IST" name="selectFirstProduct" finished-at="2025-10-27T15:25:26 IST" duration-ms="20866" status="PASS">
          <reporter-output>
          </reporter-output>
        </test-method> <!-- selectFirstProduct -->
        <test-method signature="addToCart()[pri:5, instance:com.snapdeal.tests.loginsnapdeal@757277dc]" started-at="2025-10-27T15:25:26 IST" name="addToCart" finished-at="2025-10-27T15:25:32 IST" duration-ms="5610" status="PASS">
          <reporter-output>
          </reporter-output>
        </test-method> <!-- addToCart -->
        <test-method signature="viewCart()[pri:6, instance:com.snapdeal.tests.loginsnapdeal@757277dc]" started-at="2025-10-27T15:25:32 IST" name="viewCart" finished-at="2025-10-27T15:25:32 IST" duration-ms="519" status="PASS">
          <reporter-output>
          </reporter-output>
        </test-method> <!-- viewCart -->
        <test-method signature="verifyCartPage()[pri:7, instance:com.snapdeal.tests.loginsnapdeal@757277dc]" started-at="2025-10-27T15:25:32 IST" name="verifyCartPage" finished-at="2025-10-27T15:25:33 IST" duration-ms="898" status="PASS">
          <reporter-output>
          </reporter-output>
        </test-method> <!-- verifyCartPage -->
        <test-method is-config="true" signature="tearDown()[pri:0, instance:com.snapdeal.tests.loginsnapdeal@757277dc]" started-at="2025-10-27T15:25:33 IST" name="tearDown" finished-at="2025-10-27T15:25:37 IST" duration-ms="3513" status="PASS">
          <reporter-output>
          </reporter-output>
        </test-method> <!-- tearDown -->
      </class> <!-- com.snapdeal.tests.loginsnapdeal -->
    </test> <!-- Default test -->
  </suite> <!-- Default suite -->
</testng-results>
