<?xml version="1.0" encoding="UTF-8"?>
<testng-results ignored="0" total="8" passed="8" failed="0" skipped="0">
  <reporter-output>
  </reporter-output>
  <suite started-at="2025-10-28T15:47:14 IST" name="Default suite" finished-at="2025-10-28T15:48:25 IST" duration-ms="70805">
    <groups>
    </groups>
    <test started-at="2025-10-28T15:47:14 IST" name="Default test" finished-at="2025-10-28T15:48:25 IST" duration-ms="70805">
      <class name="com.snapdeal.tests.LoginSnapdeal">
        <test-method is-config="true" signature="initReport()[pri:0, instance:com.snapdeal.tests.LoginSnapdeal@15ca7889]" started-at="2025-10-28T15:47:14 IST" name="initReport" finished-at="2025-10-28T15:47:14 IST" duration-ms="253" status="PASS">
          <reporter-output>
          </reporter-output>
        </test-method> <!-- initReport -->
        <test-method is-config="true" signature="setupDriver()[pri:0, instance:com.snapdeal.tests.LoginSnapdeal@15ca7889]" started-at="2025-10-28T15:47:14 IST" name="setupDriver" finished-at="2025-10-28T15:47:17 IST" duration-ms="3575" status="PASS">
          <reporter-output>
          </reporter-output>
        </test-method> <!-- setupDriver -->
        <test-method is-config="true" signature="setupPages()[pri:0, instance:com.snapdeal.tests.LoginSnapdeal@15ca7889]" started-at="2025-10-28T15:47:17 IST" name="setupPages" finished-at="2025-10-28T15:47:17 IST" duration-ms="8" status="PASS">
          <reporter-output>
          </reporter-output>
        </test-method> <!-- setupPages -->
        <test-method signature="loginSnapdeal()[pri:1, instance:com.snapdeal.tests.LoginSnapdeal@15ca7889]" started-at="2025-10-28T15:47:17 IST" name="loginSnapdeal" finished-at="2025-10-28T15:48:08 IST" duration-ms="50773" status="PASS">
          <reporter-output>
          </reporter-output>
        </test-method> <!-- loginSnapdeal -->
        <test-method signature="openHomePage()[pri:2, instance:com.snapdeal.tests.LoginSnapdeal@15ca7889]" started-at="2025-10-28T15:48:08 IST" name="openHomePage" finished-at="2025-10-28T15:48:11 IST" duration-ms="2607" status="PASS">
          <reporter-output>
          </reporter-output>
        </test-method> <!-- openHomePage -->
        <test-method signature="searchProduct()[pri:3, instance:com.snapdeal.tests.LoginSnapdeal@15ca7889]" started-at="2025-10-28T15:48:11 IST" name="searchProduct" finished-at="2025-10-28T15:48:14 IST" duration-ms="3417" status="PASS">
          <reporter-output>
          </reporter-output>
        </test-method> <!-- searchProduct -->
        <test-method signature="sortProducts()[pri:4, instance:com.snapdeal.tests.LoginSnapdeal@15ca7889]" started-at="2025-10-28T15:48:14 IST" name="sortProducts" finished-at="2025-10-28T15:48:15 IST" duration-ms="591" status="PASS">
          <reporter-output>
          </reporter-output>
        </test-method> <!-- sortProducts -->
        <test-method signature="selectFirstProduct()[pri:5, instance:com.snapdeal.tests.LoginSnapdeal@15ca7889]" started-at="2025-10-28T15:48:15 IST" name="selectFirstProduct" finished-at="2025-10-28T15:48:18 IST" duration-ms="3176" status="PASS">
          <reporter-output>
          </reporter-output>
        </test-method> <!-- selectFirstProduct -->
        <test-method signature="addToCart()[pri:6, instance:com.snapdeal.tests.LoginSnapdeal@15ca7889]" started-at="2025-10-28T15:48:18 IST" name="addToCart" finished-at="2025-10-28T15:48:21 IST" duration-ms="3259" status="PASS">
          <reporter-output>
          </reporter-output>
        </test-method> <!-- addToCart -->
        <test-method signature="viewCart()[pri:7, instance:com.snapdeal.tests.LoginSnapdeal@15ca7889]" started-at="2025-10-28T15:48:21 IST" name="viewCart" finished-at="2025-10-28T15:48:22 IST" duration-ms="462" status="PASS">
          <reporter-output>
          </reporter-output>
        </test-method> <!-- viewCart -->
        <test-method signature="verifyCartPage()[pri:8, instance:com.snapdeal.tests.LoginSnapdeal@15ca7889]" started-at="2025-10-28T15:48:22 IST" name="verifyCartPage" finished-at="2025-10-28T15:48:23 IST" duration-ms="892" status="PASS">
          <reporter-output>
          </reporter-output>
        </test-method> <!-- verifyCartPage -->
        <test-method is-config="true" signature="tearDown()[pri:0, instance:com.snapdeal.tests.LoginSnapdeal@15ca7889]" started-at="2025-10-28T15:48:23 IST" name="tearDown" finished-at="2025-10-28T15:48:25 IST" duration-ms="1973" status="PASS">
          <reporter-output>
          </reporter-output>
        </test-method> <!-- tearDown -->
      </class> <!-- com.snapdeal.tests.LoginSnapdeal -->
    </test> <!-- Default test -->
  </suite> <!-- Default suite -->
</testng-results>
