<?xml version="1.0" encoding="UTF-8"?>
<testng-results ignored="0" total="8" passed="8" failed="0" skipped="0">
  <reporter-output>
  </reporter-output>
  <suite started-at="2025-10-29T12:17:34 IST" name="Default suite" finished-at="2025-10-29T12:21:11 IST" duration-ms="216403">
    <groups>
    </groups>
    <test started-at="2025-10-29T12:17:34 IST" name="Default test" finished-at="2025-10-29T12:21:11 IST" duration-ms="216403">
      <class name="com.snapdeal.tests.LoginSnapdeal">
        <test-method is-config="true" signature="initReport()[pri:0, instance:com.snapdeal.tests.LoginSnapdeal@687e99d8]" started-at="2025-10-29T12:17:34 IST" name="initReport" finished-at="2025-10-29T12:17:34 IST" duration-ms="404" status="PASS">
          <reporter-output>
          </reporter-output>
        </test-method> <!-- initReport -->
        <test-method is-config="true" signature="setupDriver()[pri:0, instance:com.snapdeal.tests.LoginSnapdeal@687e99d8]" started-at="2025-10-29T12:17:34 IST" name="setupDriver" finished-at="2025-10-29T12:17:39 IST" duration-ms="4947" status="PASS">
          <reporter-output>
          </reporter-output>
        </test-method> <!-- setupDriver -->
        <test-method is-config="true" signature="setupPages()[pri:0, instance:com.snapdeal.tests.LoginSnapdeal@687e99d8]" started-at="2025-10-29T12:17:39 IST" name="setupPages" finished-at="2025-10-29T12:17:39 IST" duration-ms="14" status="PASS">
          <reporter-output>
          </reporter-output>
        </test-method> <!-- setupPages -->
        <test-method signature="loginSnapdeal()[pri:1, instance:com.snapdeal.tests.LoginSnapdeal@687e99d8]" started-at="2025-10-29T12:17:39 IST" name="loginSnapdeal" finished-at="2025-10-29T12:20:16 IST" duration-ms="156898" status="PASS">
          <reporter-output>
          </reporter-output>
        </test-method> <!-- loginSnapdeal -->
        <test-method signature="openHomePage()[pri:2, instance:com.snapdeal.tests.LoginSnapdeal@687e99d8]" started-at="2025-10-29T12:20:16 IST" name="openHomePage" finished-at="2025-10-29T12:20:21 IST" duration-ms="4914" status="PASS">
          <reporter-output>
          </reporter-output>
        </test-method> <!-- openHomePage -->
        <test-method signature="searchProduct()[pri:3, instance:com.snapdeal.tests.LoginSnapdeal@687e99d8]" started-at="2025-10-29T12:20:21 IST" name="searchProduct" finished-at="2025-10-29T12:20:54 IST" duration-ms="32691" status="PASS">
          <reporter-output>
          </reporter-output>
        </test-method> <!-- searchProduct -->
        <test-method signature="sortProducts()[pri:4, instance:com.snapdeal.tests.LoginSnapdeal@687e99d8]" started-at="2025-10-29T12:20:54 IST" name="sortProducts" finished-at="2025-10-29T12:20:54 IST" duration-ms="703" status="PASS">
          <reporter-output>
          </reporter-output>
        </test-method> <!-- sortProducts -->
        <test-method signature="selectFirstProduct()[pri:5, instance:com.snapdeal.tests.LoginSnapdeal@687e99d8]" started-at="2025-10-29T12:20:54 IST" name="selectFirstProduct" finished-at="2025-10-29T12:21:00 IST" duration-ms="5752" status="PASS">
          <reporter-output>
          </reporter-output>
        </test-method> <!-- selectFirstProduct -->
        <test-method signature="addToCart()[pri:6, instance:com.snapdeal.tests.LoginSnapdeal@687e99d8]" started-at="2025-10-29T12:21:00 IST" name="addToCart" finished-at="2025-10-29T12:21:07 IST" duration-ms="6678" status="PASS">
          <reporter-output>
          </reporter-output>
        </test-method> <!-- addToCart -->
        <test-method signature="viewCart()[pri:7, instance:com.snapdeal.tests.LoginSnapdeal@687e99d8]" started-at="2025-10-29T12:21:07 IST" name="viewCart" finished-at="2025-10-29T12:21:07 IST" duration-ms="410" status="PASS">
          <reporter-output>
          </reporter-output>
        </test-method> <!-- viewCart -->
        <test-method signature="verifyCartPage()[pri:8, instance:com.snapdeal.tests.LoginSnapdeal@687e99d8]" started-at="2025-10-29T12:21:07 IST" name="verifyCartPage" finished-at="2025-10-29T12:21:09 IST" duration-ms="1549" status="PASS">
          <reporter-output>
          </reporter-output>
        </test-method> <!-- verifyCartPage -->
        <test-method is-config="true" signature="tearDown()[pri:0, instance:com.snapdeal.tests.LoginSnapdeal@687e99d8]" started-at="2025-10-29T12:21:09 IST" name="tearDown" finished-at="2025-10-29T12:21:11 IST" duration-ms="1737" status="PASS">
          <reporter-output>
          </reporter-output>
        </test-method> <!-- tearDown -->
      </class> <!-- com.snapdeal.tests.LoginSnapdeal -->
    </test> <!-- Default test -->
  </suite> <!-- Default suite -->
</testng-results>
