<?xml version="1.0" encoding="UTF-8"?>
<!-- Generated by org.testng.reporters.JUnitXMLReporter -->
<testsuite ignored="0" hostname="ASCINLAP61416" failures="1" tests="1" name="ChromeTest" time="0.053" errors="0" timestamp="2025-10-16T11:58:51 IST">
  <testcase classname="Pack1.Revision" name="f" time="0.0">
    <failure type="java.lang.RuntimeException" message="java.io.IOException: ❌ Excel file not found at: C:\Users\priya.p\git\SELENIUM\Oct2025\inputdata.xlsx">
      <![CDATA[java.lang.RuntimeException: java.io.IOException: ❌ Excel file not found at: C:\Users\priya.p\git\SELENIUM\Oct2025\inputdata.xlsx
at java.base/java.util.ArrayList.forEach(ArrayList.java:1596)
at java.base/java.util.concurrent.FutureTask.run(FutureTask.java:317)
at java.base/java.util.concurrent.ThreadPoolExecutor.runWorker(ThreadPoolExecutor.java:1144)
at java.base/java.util.concurrent.ThreadPoolExecutor$Worker.run(ThreadPoolExecutor.java:642)
at java.base/java.lang.Thread.run(Thread.java:1583)
Caused by: java.io.IOException: ❌ Excel file not found at: C:\Users\priya.p\git\SELENIUM\Oct2025\inputdata.xlsx
at Pack1.Revision.logindata(Revision.java:91)
... 19 more
... Removed 20 stack frames]]>
    </failure>
  </testcase> <!-- f -->
</testsuite> <!-- ChromeTest -->
