<?xml version="1.0" encoding="UTF-8"?>
<!-- Generated by org.testng.reporters.JUnitXMLReporter -->
<testsuite ignored="0" hostname="ASCINLAP61416" failures="0" tests="3" name="FirefoxTest" time="7.643" errors="0" timestamp="2025-10-15T12:35:39 IST">
  <testcase classname="Pack1.TC008" name="f" time="0.0">
    <skipped/>
  </testcase> <!-- f -->
  <testcase classname="Pack1.TC008" name="f" time="0.0">
    <skipped/>
  </testcase> <!-- f -->
  <testcase classname="Pack1.TC008" name="test2" time="0.0">
    <skipped/>
  </testcase> <!-- test2 -->
</testsuite> <!-- FirefoxTest -->
