<?xml version="1.0" encoding="UTF-8"?>
<!-- Generated by org.testng.reporters.JUnitXMLReporter -->
<testsuite ignored="0" hostname="ASCINLAP61472" failures="0" tests="8" name="Default test" time="216.403" errors="0" timestamp="2025-10-29T12:21:11 IST">
  <testcase classname="com.snapdeal.tests.LoginSnapdeal" name="loginSnapdeal" time="156.898"/>
  <testcase classname="com.snapdeal.tests.LoginSnapdeal" name="openHomePage" time="4.914"/>
  <testcase classname="com.snapdeal.tests.LoginSnapdeal" name="searchProduct" time="32.691"/>
  <testcase classname="com.snapdeal.tests.LoginSnapdeal" name="sortProducts" time="0.703"/>
  <testcase classname="com.snapdeal.tests.LoginSnapdeal" name="selectFirstProduct" time="5.752"/>
  <testcase classname="com.snapdeal.tests.LoginSnapdeal" name="addToCart" time="6.678"/>
  <testcase classname="com.snapdeal.tests.LoginSnapdeal" name="viewCart" time="0.41"/>
  <testcase classname="com.snapdeal.tests.LoginSnapdeal" name="verifyCartPage" time="1.549"/>
</testsuite> <!-- Default test -->
