<?xml version="1.0" encoding="UTF-8"?>
<!-- Generated by org.testng.reporters.JUnitXMLReporter -->
<testsuite ignored="0" hostname="ASCINLAP61416" failures="0" tests="4" name="Default test" time="0.077" errors="0" timestamp="2025-10-15T12:40:05 IST">
  <testcase classname="Pack1.TC009" name="zohotest" time="0.009"/>
  <testcase classname="Pack1.TC009" name="amazontest" time="0.002"/>
  <testcase classname="Pack1.TC009" name="yahootest" time="0.001"/>
  <testcase classname="Pack1.TC009" name="aaaa" time="0.001"/>
</testsuite> <!-- Default test -->
